<?xml version="1.0" encoding="utf-8"?><testsuites name="pytest tests"><testsuite name="pytest" errors="0" failures="0" skipped="0" tests="29" time="3.777" timestamp="2026-05-03T07:27:52.885743+00:00" hostname="agent-env-0e36881c-a6e3-450c-a674-4d72db19fcc3"><testcase classname="backend.tests.backend_test.TestHealth" name="test_root" time="0.265" /><testcase classname="backend.tests.backend_test.TestAuth" name="test_me" time="0.363" /><testcase classname="backend.tests.backend_test.TestAuth" name="test_login_valid" time="0.268" /><testcase classname="backend.tests.backend_test.TestAuth" name="test_login_invalid" time="0.267" /><testcase classname="backend.tests.backend_test.TestAuth" name="test_me_requires_auth" time="0.042" /><testcase classname="backend.tests.backend_test.TestCatalog" name="test_catalog_contains_v2_items" time="0.044" /><testcase classname="backend.tests.backend_test.TestKYC" name="test_kyc_me_initial_none" time="0.046" /><testcase classname="backend.tests.backend_test.TestKYC" name="test_request_blocked_before_kyc" time="0.045" /><testcase classname="backend.tests.backend_test.TestKYC" name="test_kyc_submit_sets_pending" time="0.157" /><testcase classname="backend.tests.backend_test.TestKYC" name="test_admin_kyc_list" time="0.325" /><testcase classname="backend.tests.backend_test.TestKYC" name="test_admin_kyc_detail" time="0.047" /><testcase classname="backend.tests.backend_test.TestKYC" name="test_admin_kyc_approve" time="0.089" /><testcase classname="backend.tests.backend_test.TestRequests" name="test_create_request_with_documents_and_ekey" time="0.052" /><testcase classname="backend.tests.backend_test.TestRequests" name="test_mine_lists_request" time="0.050" /><testcase classname="backend.tests.backend_test.TestRequests" name="test_get_request_owner_sees_content" time="0.047" /><testcase classname="backend.tests.backend_test.TestRequests" name="test_admin_can_read_any" time="0.054" /><testcase classname="backend.tests.backend_test.TestRating" name="test_rate_before_approved_fails" time="0.049" /><testcase classname="backend.tests.backend_test.TestRating" name="test_rate_after_approved_ok" time="0.094" /><testcase classname="backend.tests.backend_test.TestRating" name="test_rate_duplicate_fails" time="0.053" /><testcase classname="backend.tests.backend_test.TestRating" name="test_rate_range_validation" time="0.046" /><testcase classname="backend.tests.backend_test.TestSupport" name="test_user_post_message" time="0.057" /><testcase classname="backend.tests.backend_test.TestSupport" name="test_user_list_own_messages_sorted" time="0.095" /><testcase classname="backend.tests.backend_test.TestSupport" name="test_admin_threads_and_messages" time="0.095" /><testcase classname="backend.tests.backend_test.TestSupport" name="test_admin_post_message" time="0.093" /><testcase classname="backend.tests.backend_test.TestAbout" name="test_about_public" time="0.048" /><testcase classname="backend.tests.backend_test.TestAbout" name="test_admin_team_crud" time="0.225" /><testcase classname="backend.tests.backend_test.TestAbout" name="test_admin_contact_update" time="0.093" /><testcase classname="backend.tests.backend_test.TestAdminStats" name="test_admin_stats_has_v2_fields" time="0.058" /><testcase classname="backend.tests.backend_test.TestAdminStats" name="test_non_admin_blocked_on_v2_endpoints" time="0.451" /></testsuite></testsuites>